Determining if the pthread_create exist failed with the following output:
Change Dir: /home/joy/git/ROS_ND/Go_Chase_It/catkin_ws/build/CMakeFiles/CMakeTmp

Run Build Command:"/usr/bin/make" "cmTC_72fd8/fast"
/usr/bin/make -f CMakeFiles/cmTC_72fd8.dir/build.make CMakeFiles/cmTC_72fd8.dir/build
make[1]: Entering directory '/home/joy/git/ROS_ND/Go_Chase_It/catkin_ws/build/CMakeFiles/CMakeTmp'
Building C object CMakeFiles/cmTC_72fd8.dir/CheckSymbolExists.c.o
/usr/bin/cc     -o CMakeFiles/cmTC_72fd8.dir/CheckSymbolExists.c.o   -c /home/joy/git/ROS_ND/Go_Chase_It/catkin_ws/build/CMakeFiles/CMakeTmp/CheckSymbolExists.c
Linking C executable cmTC_72fd8
/usr/bin/cmake -E cmake_link_script CMakeFiles/cmTC_72fd8.dir/link.txt --verbose=1
/usr/bin/cc       CMakeFiles/cmTC_72fd8.dir/CheckSymbolExists.c.o  -o cmTC_72fd8 -rdynamic 
CMakeFiles/cmTC_72fd8.dir/CheckSymbolExists.c.o: In function `main':
CheckSymbolExists.c:(.text+0x16): undefined reference to `pthread_create'
collect2: error: ld returned 1 exit status
CMakeFiles/cmTC_72fd8.dir/build.make:97: recipe for target 'cmTC_72fd8' failed
make[1]: *** [cmTC_72fd8] Error 1
make[1]: Leaving directory '/home/joy/git/ROS_ND/Go_Chase_It/catkin_ws/build/CMakeFiles/CMakeTmp'
Makefile:126: recipe for target 'cmTC_72fd8/fast' failed
make: *** [cmTC_72fd8/fast] Error 2

File /home/joy/git/ROS_ND/Go_Chase_It/catkin_ws/build/CMakeFiles/CMakeTmp/CheckSymbolExists.c:
/* */
#include <pthread.h>

int main(int argc, char** argv)
{
  (void)argv;
#ifndef pthread_create
  return ((int*)(&pthread_create))[argc];
#else
  (void)argc;
  return 0;
#endif
}

Determining if the function pthread_create exists in the pthreads failed with the following output:
Change Dir: /home/joy/git/ROS_ND/Go_Chase_It/catkin_ws/build/CMakeFiles/CMakeTmp

Run Build Command:"/usr/bin/make" "cmTC_5e91a/fast"
/usr/bin/make -f CMakeFiles/cmTC_5e91a.dir/build.make CMakeFiles/cmTC_5e91a.dir/build
make[1]: Entering directory '/home/joy/git/ROS_ND/Go_Chase_It/catkin_ws/build/CMakeFiles/CMakeTmp'
Building C object CMakeFiles/cmTC_5e91a.dir/CheckFunctionExists.c.o
/usr/bin/cc    -DCHECK_FUNCTION_EXISTS=pthread_create   -o CMakeFiles/cmTC_5e91a.dir/CheckFunctionExists.c.o   -c /usr/share/cmake-3.5/Modules/CheckFunctionExists.c
Linking C executable cmTC_5e91a
/usr/bin/cmake -E cmake_link_script CMakeFiles/cmTC_5e91a.dir/link.txt --verbose=1
/usr/bin/cc   -DCHECK_FUNCTION_EXISTS=pthread_create    CMakeFiles/cmTC_5e91a.dir/CheckFunctionExists.c.o  -o cmTC_5e91a -rdynamic -lpthreads 
/usr/bin/ld: cannot find -lpthreads
collect2: error: ld returned 1 exit status
CMakeFiles/cmTC_5e91a.dir/build.make:97: recipe for target 'cmTC_5e91a' failed
make[1]: *** [cmTC_5e91a] Error 1
make[1]: Leaving directory '/home/joy/git/ROS_ND/Go_Chase_It/catkin_ws/build/CMakeFiles/CMakeTmp'
Makefile:126: recipe for target 'cmTC_5e91a/fast' failed
make: *** [cmTC_5e91a/fast] Error 2


